<?xml version="1.0" encoding="UTF-8" standalone="yes"?>
<ns2:test-suite start="1571506049346" stop="1571506049978" version="1.4.15" xmlns:ns2="urn:model.allure.qatools.yandex.ru">
    <name>Verify invalid login's for multiple users. | plainaddress |</name>
    <title>Verify invalid login's for multiple users. | plainaddress |</title>
    <test-cases>
        <test-case start="1571506049363" stop="1571506049365" status="passed">
            <name>Given I am on home page</name>
            <title>Given I am on home page</title>
            <steps/>
            <attachments/>
            <labels>
                <label name="host" value="HAsif"/>
                <label name="thread" value="4510@HAsif.main(1)"/>
            </labels>
        </test-case>
        <test-case start="1571506049633" stop="1571506049633" status="passed">
            <name>When I enter Huma into firstname text fields on home screen</name>
            <title>When I enter Huma into firstname text fields on home screen</title>
            <steps/>
            <attachments/>
            <labels>
                <label name="host" value="HAsif"/>
                <label name="thread" value="4510@HAsif.main(1)"/>
            </labels>
        </test-case>
        <test-case start="1571506049706" stop="1571506049706" status="passed">
            <name>And I enter Asif into lastname text fields on home screen</name>
            <title>And I enter Asif into lastname text fields on home screen</title>
            <steps/>
            <attachments/>
            <labels>
                <label name="host" value="HAsif"/>
                <label name="thread" value="4510@HAsif.main(1)"/>
            </labels>
        </test-case>
        <test-case start="1571506049824" stop="1571506049824" status="passed">
            <name>And I enter plainaddress into mobile number text fields on home screen</name>
            <title>And I enter plainaddress into mobile number text fields on home screen</title>
            <steps/>
            <attachments/>
            <labels>
                <label name="host" value="HAsif"/>
                <label name="thread" value="4510@HAsif.main(1)"/>
            </labels>
        </test-case>
        <test-case start="1571506049827" stop="1571506049841" status="broken">
            <name>And I click on new password button on home screen</name>
            <title>And I click on new password button on home screen</title>
            <failure>
                <message>CucumberException: Arity mismatch: Step Definition 'stepdefinition.LoginSD.clickingNewPasswordField() in file:/Users/huma/Desktop/technosoft-auto-framework/target/test-classes/' with pattern [^I click on (new password) button on home screen$] is declared with 0 parameters. However, the gherkin step has 1 arguments [new password]. 
Step: And I click on new password button on home screen</message>
                <stack-trace>cucumber.runtime.CucumberException: Arity mismatch: Step Definition 'stepdefinition.LoginSD.clickingNewPasswordField() in file:/Users/huma/Desktop/technosoft-auto-framework/target/test-classes/' with pattern [^I click on (new password) button on home screen$] is declared with 0 parameters. However, the gherkin step has 1 arguments [new password]. 
Step: And I click on new password button on home screen
	at cucumber.runtime.StepDefinitionMatch.arityMismatch(StepDefinitionMatch.java:102)
	at cucumber.runtime.StepDefinitionMatch.transformedArgs(StepDefinitionMatch.java:60)
	at cucumber.runtime.StepDefinitionMatch.runStep(StepDefinitionMatch.java:37)
	at cucumber.runtime.Runtime.runStep(Runtime.java:299)
	at cucumber.runtime.model.StepContainer.runStep(StepContainer.java:44)
	at cucumber.runtime.model.StepContainer.runSteps(StepContainer.java:39)
	at cucumber.runtime.model.CucumberScenario.run(CucumberScenario.java:44)
	at cucumber.runtime.junit.ExecutionUnitRunner.run(ExecutionUnitRunner.java:91)
	at org.junit.runners.Suite.runChild(Suite.java:127)
	at org.junit.runners.Suite.runChild(Suite.java:26)
	at org.junit.runners.ParentRunner$3.run(ParentRunner.java:238)
	at org.junit.runners.ParentRunner$1.schedule(ParentRunner.java:63)
	at org.junit.runners.ParentRunner.runChildren(ParentRunner.java:236)
	at org.junit.runners.ParentRunner.access$000(ParentRunner.java:53)
	at org.junit.runners.ParentRunner$2.evaluate(ParentRunner.java:229)
	at org.junit.runners.ParentRunner.run(ParentRunner.java:309)
	at cucumber.runtime.junit.ExamplesRunner.run(ExamplesRunner.java:59)
	at org.junit.runners.Suite.runChild(Suite.java:127)
	at org.junit.runners.Suite.runChild(Suite.java:26)
	at org.junit.runners.ParentRunner$3.run(ParentRunner.java:238)
	at org.junit.runners.ParentRunner$1.schedule(ParentRunner.java:63)
	at org.junit.runners.ParentRunner.runChildren(ParentRunner.java:236)
	at org.junit.runners.ParentRunner.access$000(ParentRunner.java:53)
	at org.junit.runners.ParentRunner$2.evaluate(ParentRunner.java:229)
	at org.junit.runners.ParentRunner.run(ParentRunner.java:309)
	at cucumber.runtime.junit.ScenarioOutlineRunner.run(ScenarioOutlineRunner.java:53)
	at cucumber.runtime.junit.FeatureRunner.runChild(FeatureRunner.java:63)
	at cucumber.runtime.junit.FeatureRunner.runChild(FeatureRunner.java:18)
	at org.junit.runners.ParentRunner$3.run(ParentRunner.java:238)
	at org.junit.runners.ParentRunner$1.schedule(ParentRunner.java:63)
	at org.junit.runners.ParentRunner.runChildren(ParentRunner.java:236)
	at org.junit.runners.ParentRunner.access$000(ParentRunner.java:53)
	at org.junit.runners.ParentRunner$2.evaluate(ParentRunner.java:229)
	at org.junit.runners.ParentRunner.run(ParentRunner.java:309)
	at cucumber.runtime.junit.FeatureRunner.run(FeatureRunner.java:70)
	at cucumber.api.junit.Cucumber.runChild(Cucumber.java:93)
	at cucumber.api.junit.Cucumber.runChild(Cucumber.java:37)
	at org.junit.runners.ParentRunner$3.run(ParentRunner.java:238)
	at org.junit.runners.ParentRunner$1.schedule(ParentRunner.java:63)
	at org.junit.runners.ParentRunner.runChildren(ParentRunner.java:236)
	at org.junit.runners.ParentRunner.access$000(ParentRunner.java:53)
	at org.junit.runners.ParentRunner$2.evaluate(ParentRunner.java:229)
	at org.junit.runners.ParentRunner.run(ParentRunner.java:309)
	at cucumber.api.junit.Cucumber.run(Cucumber.java:98)
	at org.junit.runners.Suite.runChild(Suite.java:127)
	at org.junit.runners.Suite.runChild(Suite.java:26)
	at org.junit.runners.ParentRunner$3.run(ParentRunner.java:238)
	at org.junit.runners.ParentRunner$1.schedule(ParentRunner.java:63)
	at org.junit.runners.ParentRunner.runChildren(ParentRunner.java:236)
	at org.junit.runners.ParentRunner.access$000(ParentRunner.java:53)
	at org.junit.runners.ParentRunner$2.evaluate(ParentRunner.java:229)
	at org.junit.runners.ParentRunner.run(ParentRunner.java:309)
	at org.junit.runner.JUnitCore.run(JUnitCore.java:160)
	at org.junit.runner.JUnitCore.run(JUnitCore.java:138)
	at org.apache.maven.surefire.junitcore.JUnitCoreWrapper.createRequestAndRun(JUnitCoreWrapper.java:108)
	at org.apache.maven.surefire.junitcore.JUnitCoreWrapper.executeEager(JUnitCoreWrapper.java:78)
	at org.apache.maven.surefire.junitcore.JUnitCoreWrapper.execute(JUnitCoreWrapper.java:54)
	at org.apache.maven.surefire.junitcore.JUnitCoreProvider.invoke(JUnitCoreProvider.java:144)
	at org.apache.maven.surefire.booter.ForkedBooter.invokeProviderInSameClassLoader(ForkedBooter.java:203)
	at org.apache.maven.surefire.booter.ForkedBooter.runSuitesInProcess(ForkedBooter.java:155)
	at org.apache.maven.surefire.booter.ForkedBooter.main(ForkedBooter.java:103)
</stack-trace>
            </failure>
            <steps/>
            <attachments/>
            <labels>
                <label name="host" value="HAsif"/>
                <label name="thread" value="4510@HAsif.main(1)"/>
            </labels>
        </test-case>
    </test-cases>
    <labels>
        <label name="story" value="Verify invalid login's for multiple users. | plainaddress |"/>
        <label name="feature" value="Homework"/>
        <label name="framework" value="CucumberJVM"/>
        <label name="language" value="JAVA"/>
    </labels>
</ns2:test-suite>
